The system is: Darwin - 21.2.0 - arm64
Compiling the CXX compiler identification source file "CMakeCXXCompilerId.cpp" succeeded.
Compiler:  
Build flags: 
Id flags:  

The output was:
0
2022-05-12 15:19:28.190 xcodebuild[2371:100347] Requested but did not find extension point with identifier Xcode.IDEKit.ExtensionSentinelHostApplications for extension Xcode.DebuggerFoundation.AppExtensionHosts.watchOS of plug-in com.apple.dt.IDEWatchSupportCore
2022-05-12 15:19:28.190 xcodebuild[2371:100347] Requested but did not find extension point with identifier Xcode.IDEKit.ExtensionPointIdentifierToBundleIdentifier for extension Xcode.DebuggerFoundation.AppExtensionToBundleIdentifierMap.watchOS of plug-in com.apple.dt.IDEWatchSupportCore
Command line invocation:
    /Applications/Xcode.app/Contents/Developer/usr/bin/xcodebuild

User defaults from command line:
    IDEPackageSupportUseBuiltinSCM = YES

note: Using new build system
note: Planning
Analyze workspace

Create build description
Build description signature: 84c0762a687e6770f980d783447402ef
Build description path: /Users/denkan/TND004/Labs/lab4/build/CMakeFiles/3.23.0/CompilerIdCXX/./XCBuildData/84c0762a687e6770f980d783447402ef-desc.xcbuild

note: Build preparation complete
warning: Building targets in manual order is deprecated - check "Parallelize build for command-line builds" in the project editor, or set DISABLE_MANUAL_TARGET_ORDER_BUILD_WARNING in any of the targets in the current build to suppress this warning
CreateBuildDirectory /Users/denkan/TND004/Labs/lab4/build/CMakeFiles/3.23.0/CompilerIdCXX
    cd /Users/denkan/TND004/Labs/lab4/build/CMakeFiles/3.23.0/CompilerIdCXX/CompilerIdCXX.xcodeproj
    builtin-create-build-directory /Users/denkan/TND004/Labs/lab4/build/CMakeFiles/3.23.0/CompilerIdCXX

warning: Traditional headermap style is no longer supported; please migrate to using separate headermaps and set 'ALWAYS_SEARCH_USER_PATHS' to NO. (in target 'CompilerIdCXX' from project 'CompilerIdCXX')
WriteAuxiliaryFile /Users/denkan/TND004/Labs/lab4/build/CMakeFiles/3.23.0/CompilerIdCXX/CompilerIdCXX.build/Debug/CompilerIdCXX.build/CompilerIdCXX-project-headers.hmap (in target 'CompilerIdCXX' from project 'CompilerIdCXX')
    cd /Users/denkan/TND004/Labs/lab4/build/CMakeFiles/3.23.0/CompilerIdCXX
    write-file /Users/denkan/TND004/Labs/lab4/build/CMakeFiles/3.23.0/CompilerIdCXX/CompilerIdCXX.build/Debug/CompilerIdCXX.build/CompilerIdCXX-project-headers.hmap

WriteAuxiliaryFile /Users/denkan/TND004/Labs/lab4/build/CMakeFiles/3.23.0/CompilerIdCXX/CompilerIdCXX.build/Debug/CompilerIdCXX.build/CompilerIdCXX-all-target-headers.hmap (in target 'CompilerIdCXX' from project 'CompilerIdCXX')
    cd /Users/denkan/TND004/Labs/lab4/build/CMakeFiles/3.23.0/CompilerIdCXX
    write-file /Users/denkan/TND004/Labs/lab4/build/CMakeFiles/3.23.0/CompilerIdCXX/CompilerIdCXX.build/Debug/CompilerIdCXX.build/CompilerIdCXX-all-target-headers.hmap

WriteAuxiliaryFile /Users/denkan/TND004/Labs/lab4/build/CMakeFiles/3.23.0/CompilerIdCXX/CompilerIdCXX.build/Debug/CompilerIdCXX.build/CompilerIdCXX-own-target-headers.hmap (in target 'CompilerIdCXX' from project 'CompilerIdCXX')
    cd /Users/denkan/TND004/Labs/lab4/build/CMakeFiles/3.23.0/CompilerIdCXX
    write-file /Users/denkan/TND004/Labs/lab4/build/CMakeFiles/3.23.0/CompilerIdCXX/CompilerIdCXX.build/Debug/CompilerIdCXX.build/CompilerIdCXX-own-target-headers.hmap

WriteAuxiliaryFile /Users/denkan/TND004/Labs/lab4/build/CMakeFiles/3.23.0/CompilerIdCXX/CompilerIdCXX.build/Debug/CompilerIdCXX.build/all-product-headers.yaml (in target 'CompilerIdCXX' from project 'CompilerIdCXX')
    cd /Users/denkan/TND004/Labs/lab4/build/CMakeFiles/3.23.0/CompilerIdCXX
    write-file /Users/denkan/TND004/Labs/lab4/build/CMakeFiles/3.23.0/CompilerIdCXX/CompilerIdCXX.build/Debug/CompilerIdCXX.build/all-product-headers.yaml

WriteAuxiliaryFile /Users/denkan/TND004/Labs/lab4/build/CMakeFiles/3.23.0/CompilerIdCXX/CompilerIdCXX.build/Debug/CompilerIdCXX.build/CompilerIdCXX.hmap (in target 'CompilerIdCXX' from project 'CompilerIdCXX')
    cd /Users/denkan/TND004/Labs/lab4/build/CMakeFiles/3.23.0/CompilerIdCXX
    write-file /Users/denkan/TND004/Labs/lab4/build/CMakeFiles/3.23.0/CompilerIdCXX/CompilerIdCXX.build/Debug/CompilerIdCXX.build/CompilerIdCXX.hmap

WriteAuxiliaryFile /Users/denkan/TND004/Labs/lab4/build/CMakeFiles/3.23.0/CompilerIdCXX/CompilerIdCXX.build/Debug/CompilerIdCXX.build/CompilerIdCXX-all-non-framework-target-headers.hmap (in target 'CompilerIdCXX' from project 'CompilerIdCXX')
    cd /Users/denkan/TND004/Labs/lab4/build/CMakeFiles/3.23.0/CompilerIdCXX
    write-file /Users/denkan/TND004/Labs/lab4/build/CMakeFiles/3.23.0/CompilerIdCXX/CompilerIdCXX.build/Debug/CompilerIdCXX.build/CompilerIdCXX-all-non-framework-target-headers.hmap

WriteAuxiliaryFile /Users/denkan/TND004/Labs/lab4/build/CMakeFiles/3.23.0/CompilerIdCXX/CompilerIdCXX.build/Debug/CompilerIdCXX.build/CompilerIdCXX-generated-files.hmap (in target 'CompilerIdCXX' from project 'CompilerIdCXX')
    cd /Users/denkan/TND004/Labs/lab4/build/CMakeFiles/3.23.0/CompilerIdCXX
    write-file /Users/denkan/TND004/Labs/lab4/build/CMakeFiles/3.23.0/CompilerIdCXX/CompilerIdCXX.build/Debug/CompilerIdCXX.build/CompilerIdCXX-generated-files.hmap

WriteAuxiliaryFile /Users/denkan/TND004/Labs/lab4/build/CMakeFiles/3.23.0/CompilerIdCXX/CompilerIdCXX.build/Debug/CompilerIdCXX.build/Objects-normal/arm64/CompilerIdCXX.LinkFileList (in target 'CompilerIdCXX' from project 'CompilerIdCXX')
    cd /Users/denkan/TND004/Labs/lab4/build/CMakeFiles/3.23.0/CompilerIdCXX
    write-file /Users/denkan/TND004/Labs/lab4/build/CMakeFiles/3.23.0/CompilerIdCXX/CompilerIdCXX.build/Debug/CompilerIdCXX.build/Objects-normal/arm64/CompilerIdCXX.LinkFileList

CompileC /Users/denkan/TND004/Labs/lab4/build/CMakeFiles/3.23.0/CompilerIdCXX/CompilerIdCXX.build/Debug/CompilerIdCXX.build/Objects-normal/arm64/CMakeCXXCompilerId.o /Users/denkan/TND004/Labs/lab4/build/CMakeFiles/3.23.0/CompilerIdCXX/CMakeCXXCompilerId.cpp normal arm64 c++ com.apple.compilers.llvm.clang.1_0.compiler (in target 'CompilerIdCXX' from project 'CompilerIdCXX')
    cd /Users/denkan/TND004/Labs/lab4/build/CMakeFiles/3.23.0/CompilerIdCXX
    export LANG\=en_US.US-ASCII
    /Applications/Xcode.app/Contents/Developer/Toolchains/XcodeDefault.xctoolchain/usr/bin/clang -x c++ -target arm64-apple-macos12.1 -fmessage-length\=0 -fdiagnostics-show-note-include-stack -fmacro-backtrace-limit\=0 -Wno-trigraphs -fpascal-strings -Os -Wno-missing-field-initializers -Wno-missing-prototypes -Wno-return-type -Wno-non-virtual-dtor -Wno-overloaded-virtual -Wno-exit-time-destructors -Wno-missing-braces -Wparentheses -Wswitch -Wno-unused-function -Wno-unused-label -Wno-unused-parameter -Wno-unused-variable -Wunused-value -Wno-empty-body -Wno-uninitialized -Wno-unknown-pragmas -Wno-shadow -Wno-four-char-constants -Wno-conversion -Wno-constant-conversion -Wno-int-conversion -Wno-bool-conversion -Wno-enum-conversion -Wno-float-conversion -Wno-non-literal-null-conversion -Wno-objc-literal-conversion -Wno-shorten-64-to-32 -Wno-newline-eof -Wno-c++11-extensions -isysroot /Applications/Xcode.app/Contents/Developer/Platforms/MacOSX.platform/Developer/SDKs/MacOSX12.3.sdk -fstrict-aliasing -Wdeprecated-declarations -Winvalid-offsetof -g -fvisibility\=hidden -fvisibility-inlines-hidden -Wno-sign-conversion -Wno-infinite-recursion -Wno-move -Wno-comma -Wno-block-capture-autoreleasing -Wno-strict-prototypes -Wno-range-loop-analysis -Wno-semicolon-before-method-body -iquote /Users/denkan/TND004/Labs/lab4/build/CMakeFiles/3.23.0/CompilerIdCXX/CompilerIdCXX.build/Debug/CompilerIdCXX.build/CompilerIdCXX-generated-files.hmap -I/Users/denkan/TND004/Labs/lab4/build/CMakeFiles/3.23.0/CompilerIdCXX/CompilerIdCXX.build/Debug/CompilerIdCXX.build/CompilerIdCXX-own-target-headers.hmap -I/Users/denkan/TND004/Labs/lab4/build/CMakeFiles/3.23.0/CompilerIdCXX/CompilerIdCXX.build/Debug/CompilerIdCXX.build/CompilerIdCXX-all-target-headers.hmap -iquote /Users/denkan/TND004/Labs/lab4/build/CMakeFiles/3.23.0/CompilerIdCXX/CompilerIdCXX.build/Debug/CompilerIdCXX.build/CompilerIdCXX-project-headers.hmap -I/Users/denkan/TND004/Labs/lab4/build/CMakeFiles/3.23.0/CompilerIdCXX/include -I/Users/denkan/TND004/Labs/lab4/build/CMakeFiles/3.23.0/CompilerIdCXX/CompilerIdCXX.build/Debug/CompilerIdCXX.build/DerivedSources-normal/arm64 -I/Users/denkan/TND004/Labs/lab4/build/CMakeFiles/3.23.0/CompilerIdCXX/CompilerIdCXX.build/Debug/CompilerIdCXX.build/DerivedSources/arm64 -I/Users/denkan/TND004/Labs/lab4/build/CMakeFiles/3.23.0/CompilerIdCXX/CompilerIdCXX.build/Debug/CompilerIdCXX.build/DerivedSources -F/Users/denkan/TND004/Labs/lab4/build/CMakeFiles/3.23.0/CompilerIdCXX -MMD -MT dependencies -MF /Users/denkan/TND004/Labs/lab4/build/CMakeFiles/3.23.0/CompilerIdCXX/CompilerIdCXX.build/Debug/CompilerIdCXX.build/Objects-normal/arm64/CMakeCXXCompilerId.d --serialize-diagnostics /Users/denkan/TND004/Labs/lab4/build/CMakeFiles/3.23.0/CompilerIdCXX/CompilerIdCXX.build/Debug/CompilerIdCXX.build/Objects-normal/arm64/CMakeCXXCompilerId.dia -c /Users/denkan/TND004/Labs/lab4/build/CMakeFiles/3.23.0/CompilerIdCXX/CMakeCXXCompilerId.cpp -o /Users/denkan/TND004/Labs/lab4/build/CMakeFiles/3.23.0/CompilerIdCXX/CompilerIdCXX.build/Debug/CompilerIdCXX.build/Objects-normal/arm64/CMakeCXXCompilerId.o

Ld /Users/denkan/TND004/Labs/lab4/build/CMakeFiles/3.23.0/CompilerIdCXX/CompilerIdCXX normal (in target 'CompilerIdCXX' from project 'CompilerIdCXX')
    cd /Users/denkan/TND004/Labs/lab4/build/CMakeFiles/3.23.0/CompilerIdCXX
    /Applications/Xcode.app/Contents/Developer/Toolchains/XcodeDefault.xctoolchain/usr/bin/clang++ -target arm64-apple-macos12.1 -isysroot /Applications/Xcode.app/Contents/Developer/Platforms/MacOSX.platform/Developer/SDKs/MacOSX12.3.sdk -L/Users/denkan/TND004/Labs/lab4/build/CMakeFiles/3.23.0/CompilerIdCXX -F/Users/denkan/TND004/Labs/lab4/build/CMakeFiles/3.23.0/CompilerIdCXX -filelist /Users/denkan/TND004/Labs/lab4/build/CMakeFiles/3.23.0/CompilerIdCXX/CompilerIdCXX.build/Debug/CompilerIdCXX.build/Objects-normal/arm64/CompilerIdCXX.LinkFileList -Xlinker -object_path_lto -Xlinker /Users/denkan/TND004/Labs/lab4/build/CMakeFiles/3.23.0/CompilerIdCXX/CompilerIdCXX.build/Debug/CompilerIdCXX.build/Objects-normal/arm64/CompilerIdCXX_lto.o -Xlinker -dependency_info -Xlinker /Users/denkan/TND004/Labs/lab4/build/CMakeFiles/3.23.0/CompilerIdCXX/CompilerIdCXX.build/Debug/CompilerIdCXX.build/Objects-normal/arm64/CompilerIdCXX_dependency_info.dat -o /Users/denkan/TND004/Labs/lab4/build/CMakeFiles/3.23.0/CompilerIdCXX/CompilerIdCXX

WriteAuxiliaryFile /Users/denkan/TND004/Labs/lab4/build/CMakeFiles/3.23.0/CompilerIdCXX/CompilerIdCXX.build/Debug/CompilerIdCXX.build/Script-2C8FEB8E15DC1A1A00E56A5D.sh (in target 'CompilerIdCXX' from project 'CompilerIdCXX')
    cd /Users/denkan/TND004/Labs/lab4/build/CMakeFiles/3.23.0/CompilerIdCXX
    write-file /Users/denkan/TND004/Labs/lab4/build/CMakeFiles/3.23.0/CompilerIdCXX/CompilerIdCXX.build/Debug/CompilerIdCXX.build/Script-2C8FEB8E15DC1A1A00E56A5D.sh

PhaseScriptExecution Run\ Script /Users/denkan/TND004/Labs/lab4/build/CMakeFiles/3.23.0/CompilerIdCXX/CompilerIdCXX.build/Debug/CompilerIdCXX.build/Script-2C8FEB8E15DC1A1A00E56A5D.sh (in target 'CompilerIdCXX' from project 'CompilerIdCXX')
    cd /Users/denkan/TND004/Labs/lab4/build/CMakeFiles/3.23.0/CompilerIdCXX
    /bin/sh -c /Users/denkan/TND004/Labs/lab4/build/CMakeFiles/3.23.0/CompilerIdCXX/CompilerIdCXX.build/Debug/CompilerIdCXX.build/Script-2C8FEB8E15DC1A1A00E56A5D.sh
GCC_VERSION=com.apple.compilers.llvm.clang.1_0
ARCHS=arm64

RegisterExecutionPolicyException /Users/denkan/TND004/Labs/lab4/build/CMakeFiles/3.23.0/CompilerIdCXX/CompilerIdCXX (in target 'CompilerIdCXX' from project 'CompilerIdCXX')
    cd /Users/denkan/TND004/Labs/lab4/build/CMakeFiles/3.23.0/CompilerIdCXX
    builtin-RegisterExecutionPolicyException /Users/denkan/TND004/Labs/lab4/build/CMakeFiles/3.23.0/CompilerIdCXX/CompilerIdCXX

** BUILD SUCCEEDED **



Compilation of the CXX compiler identification source "CMakeCXXCompilerId.cpp" produced "CompilerIdCXX"

The CXX compiler identification is AppleClang, found in "/Users/denkan/TND004/Labs/lab4/build/CMakeFiles/3.23.0/CompilerIdCXX/CompilerIdCXX"

Detecting CXX compiler ABI info compiled with the following output:
Change Dir: /Users/denkan/TND004/Labs/lab4/build/CMakeFiles/CMakeTmp

Run Build Command(s):/usr/bin/xcodebuild -project CMAKE_TRY_COMPILE.xcodeproj build -target cmTC_d5091 -parallelizeTargets -configuration Debug -hideShellScriptEnvironment && 2022-05-12 15:19:38.042 xcodebuild[2406:100707] Requested but did not find extension point with identifier Xcode.IDEKit.ExtensionSentinelHostApplications for extension Xcode.DebuggerFoundation.AppExtensionHosts.watchOS of plug-in com.apple.dt.IDEWatchSupportCore
2022-05-12 15:19:38.042 xcodebuild[2406:100707] Requested but did not find extension point with identifier Xcode.IDEKit.ExtensionPointIdentifierToBundleIdentifier for extension Xcode.DebuggerFoundation.AppExtensionToBundleIdentifierMap.watchOS of plug-in com.apple.dt.IDEWatchSupportCore
Command line invocation:
    /Applications/Xcode.app/Contents/Developer/usr/bin/xcodebuild -project CMAKE_TRY_COMPILE.xcodeproj build -target cmTC_d5091 -parallelizeTargets -configuration Debug -hideShellScriptEnvironment

User defaults from command line:
    HideShellScriptEnvironment = YES
    IDEPackageSupportUseBuiltinSCM = YES

note: Using new build system
note: Planning
Analyze workspace

Create build description
Build description signature: 7415cbc91ad791afe39c5cf786aab666
Build description path: /Users/denkan/TND004/Labs/lab4/build/CMakeFiles/CMakeTmp/build/XCBuildData/7415cbc91ad791afe39c5cf786aab666-desc.xcbuild

note: Build preparation complete
note: Building targets in dependency order
CreateBuildDirectory /Users/denkan/TND004/Labs/lab4/build/CMakeFiles/CMakeTmp
    cd /Users/denkan/TND004/Labs/lab4/build/CMakeFiles/CMakeTmp/CMAKE_TRY_COMPILE.xcodeproj
    builtin-create-build-directory /Users/denkan/TND004/Labs/lab4/build/CMakeFiles/CMakeTmp

CreateBuildDirectory /Users/denkan/TND004/Labs/lab4/build/CMakeFiles/CMakeTmp/Debug
    cd /Users/denkan/TND004/Labs/lab4/build/CMakeFiles/CMakeTmp/CMAKE_TRY_COMPILE.xcodeproj
    builtin-create-build-directory /Users/denkan/TND004/Labs/lab4/build/CMakeFiles/CMakeTmp/Debug

CompileC /Users/denkan/TND004/Labs/lab4/build/CMakeFiles/CMakeTmp/CMAKE_TRY_COMPILE.build/Debug/cmTC_d5091.build/Objects-normal/arm64/CMakeCXXCompilerABI.o /Applications/CMake.app/Contents/share/cmake-3.23/Modules/CMakeCXXCompilerABI.cpp normal arm64 c++ com.apple.compilers.llvm.clang.1_0.compiler (in target 'cmTC_d5091' from project 'CMAKE_TRY_COMPILE')
    cd /Users/denkan/TND004/Labs/lab4/build/CMakeFiles/CMakeTmp
    /Applications/Xcode.app/Contents/Developer/Toolchains/XcodeDefault.xctoolchain/usr/bin/clang -x c++ -target arm64-apple-macos12.1 -fmessage-length\=0 -fdiagnostics-show-note-include-stack -fmacro-backtrace-limit\=0 -Wno-trigraphs -fpascal-strings -O0 -Wno-missing-field-initializers -Wno-missing-prototypes -Wno-return-type -Wno-non-virtual-dtor -Wno-overloaded-virtual -Wno-exit-time-destructors -Wno-missing-braces -Wparentheses -Wswitch -Wno-unused-function -Wno-unused-label -Wno-unused-parameter -Wno-unused-variable -Wunused-value -Wno-empty-body -Wno-uninitialized -Wno-unknown-pragmas -Wno-shadow -Wno-four-char-constants -Wno-conversion -Wno-constant-conversion -Wno-int-conversion -Wno-bool-conversion -Wno-enum-conversion -Wno-float-conversion -Wno-non-literal-null-conversion -Wno-objc-literal-conversion -Wno-shorten-64-to-32 -Wno-newline-eof -Wno-c++11-extensions -DCMAKE_INTDIR\=\"Debug\" -isysroot /Applications/Xcode.app/Contents/Developer/Platforms/MacOSX.platform/Developer/SDKs/MacOSX12.3.sdk -fstrict-aliasing -Wdeprecated-declarations -Winvalid-offsetof -g -Wno-sign-conversion -Wno-infinite-recursion -Wno-move -Wno-comma -Wno-block-capture-autoreleasing -Wno-strict-prototypes -Wno-range-loop-analysis -Wno-semicolon-before-method-body -I/Users/denkan/TND004/Labs/lab4/build/CMakeFiles/CMakeTmp/Debug/include -I/Users/denkan/TND004/Labs/lab4/build/CMakeFiles/CMakeTmp/CMAKE_TRY_COMPILE.build/Debug/cmTC_d5091.build/DerivedSources-normal/arm64 -I/Users/denkan/TND004/Labs/lab4/build/CMakeFiles/CMakeTmp/CMAKE_TRY_COMPILE.build/Debug/cmTC_d5091.build/DerivedSources/arm64 -I/Users/denkan/TND004/Labs/lab4/build/CMakeFiles/CMakeTmp/CMAKE_TRY_COMPILE.build/Debug/cmTC_d5091.build/DerivedSources -F/Users/denkan/TND004/Labs/lab4/build/CMakeFiles/CMakeTmp/Debug -v -Wl,-v -MMD -MT dependencies -MF /Users/denkan/TND004/Labs/lab4/build/CMakeFiles/CMakeTmp/CMAKE_TRY_COMPILE.build/Debug/cmTC_d5091.build/Objects-normal/arm64/CMakeCXXCompilerABI.d --serialize-diagnostics /Users/denkan/TND004/Labs/lab4/build/CMakeFiles/CMakeTmp/CMAKE_TRY_COMPILE.build/Debug/cmTC_d5091.build/Objects-normal/arm64/CMakeCXXCompilerABI.dia -c /Applications/CMake.app/Contents/share/cmake-3.23/Modules/CMakeCXXCompilerABI.cpp -o /Users/denkan/TND004/Labs/lab4/build/CMakeFiles/CMakeTmp/CMAKE_TRY_COMPILE.build/Debug/cmTC_d5091.build/Objects-normal/arm64/CMakeCXXCompilerABI.o
Apple clang version 13.1.6 (clang-1316.0.21.2)
Target: arm64-apple-macos12.1
Thread model: posix
InstalledDir: /Applications/Xcode.app/Contents/Developer/Toolchains/XcodeDefault.xctoolchain/usr/bin
clang: warning: -Wl,-v: 'linker' input unused [-Wunused-command-line-argument]
 "/Applications/Xcode.app/Contents/Developer/Toolchains/XcodeDefault.xctoolchain/usr/bin/clang" -cc1 -triple arm64-apple-macosx12.1.0 -Wundef-prefix=TARGET_OS_ -Wdeprecated-objc-isa-usage -Werror=deprecated-objc-isa-usage -Werror=implicit-function-declaration -emit-obj -mrelax-all --mrelax-relocations -disable-free -disable-llvm-verifier -discard-value-names -main-file-name CMakeCXXCompilerABI.cpp -mrelocation-model pic -pic-level 2 -mframe-pointer=non-leaf -fno-strict-return -fno-rounding-math -munwind-tables -target-sdk-version=12.3 -fvisibility-inlines-hidden-static-local-var -target-cpu apple-m1 -target-feature +v8.5a -target-feature +fp-armv8 -target-feature +neon -target-feature +crc -target-feature +crypto -target-feature +dotprod -target-feature +fp16fml -target-feature +ras -target-feature +lse -target-feature +rdm -target-feature +rcpc -target-feature +zcm -target-feature +zcz -target-feature +fullfp16 -target-feature +sm4 -target-feature +sha3 -target-feature +sha2 -target-feature +aes -target-abi darwinpcs -fallow-half-arguments-and-returns -debug-info-kind=standalone -dwarf-version=4 -debugger-tuning=lldb -target-linker-version 762 -v -resource-dir /Applications/Xcode.app/Contents/Developer/Toolchains/XcodeDefault.xctoolchain/usr/lib/clang/13.1.6 -dependency-file /Users/denkan/TND004/Labs/lab4/build/CMakeFiles/CMakeTmp/CMAKE_TRY_COMPILE.build/Debug/cmTC_d5091.build/Objects-normal/arm64/CMakeCXXCompilerABI.d -skip-unused-modulemap-deps -MT dependencies -isysroot /Applications/Xcode.app/Contents/Developer/Platforms/MacOSX.platform/Developer/SDKs/MacOSX12.3.sdk -D "CMAKE_INTDIR=\"Debug\"" -I /Users/denkan/TND004/Labs/lab4/build/CMakeFiles/CMakeTmp/Debug/include -I /Users/denkan/TND004/Labs/lab4/build/CMakeFiles/CMakeTmp/CMAKE_TRY_COMPILE.build/Debug/cmTC_d5091.build/DerivedSources-normal/arm64 -I /Users/denkan/TND004/Labs/lab4/build/CMakeFiles/CMakeTmp/CMAKE_TRY_COMPILE.build/Debug/cmTC_d5091.build/DerivedSources/arm64 -I /Users/denkan/TND004/Labs/lab4/build/CMakeFiles/CMakeTmp/CMAKE_TRY_COMPILE.build/Debug/cmTC_d5091.build/DerivedSources -F/Users/denkan/TND004/Labs/lab4/build/CMakeFiles/CMakeTmp/Debug -stdlib=libc++ -internal-isystem /Applications/Xcode.app/Contents/Developer/Platforms/MacOSX.platform/Developer/SDKs/MacOSX12.3.sdk/usr/include/c++/v1 -internal-isystem /Applications/Xcode.app/Contents/Developer/Platforms/MacOSX.platform/Developer/SDKs/MacOSX12.3.sdk/usr/local/include -internal-isystem /Applications/Xcode.app/Contents/Developer/Toolchains/XcodeDefault.xctoolchain/usr/lib/clang/13.1.6/include -internal-externc-isystem /Applications/Xcode.app/Contents/Developer/Platforms/MacOSX.platform/Developer/SDKs/MacOSX12.3.sdk/usr/include -internal-externc-isystem /Applications/Xcode.app/Contents/Developer/Toolchains/XcodeDefault.xctoolchain/usr/include -O0 -Wno-trigraphs -Wno-missing-field-initializers -Wno-missing-prototypes -Wno-return-type -Wno-non-virtual-dtor -Wno-overloaded-virtual -Wno-exit-time-destructors -Wno-missing-braces -Wparentheses -Wswitch -Wno-unused-function -Wno-unused-label -Wno-unused-parameter -Wno-unused-variable -Wunused-value -Wno-empty-body -Wno-uninitialized -Wno-unknown-pragmas -Wno-shadow -Wno-four-char-constants -Wno-conversion -Wno-constant-conversion -Wno-int-conversion -Wno-bool-conversion -Wno-enum-conversion -Wno-float-conversion -Wno-non-literal-null-conversion -Wno-objc-literal-conversion -Wno-shorten-64-to-32 -Wno-newline-eof -Wno-c++11-extensions -Wdeprecated-declarations -Winvalid-offsetof -Wno-sign-conversion -Wno-infinite-recursion -Wno-move -Wno-comma -Wno-block-capture-autoreleasing -Wno-strict-prototypes -Wno-range-loop-analysis -Wno-semicolon-before-method-body -Wno-reorder-init-list -Wno-implicit-int-float-conversion -Wno-c99-designator -Wno-final-dtor-non-final-class -Wno-extra-semi-stmt -Wno-misleading-indentation -Wno-quoted-include-in-framework-header -Wno-implicit-fallthrough -Wno-enum-enum-conversion -Wno-enum-float-conversion -Wno-elaborated-enum-base -Wno-reserved-identifier -Wno-gnu-folding-constant -Wno-objc-load-method -fdeprecated-macro -fdebug-compilation-dir=/Users/denkan/TND004/Labs/lab4/build/CMakeFiles/CMakeTmp -ferror-limit 19 -fmacro-backtrace-limit 0 -stack-protector 1 -fstack-check -mdarwin-stkchk-strong-link -fblocks -fencode-extended-block-signature -fregister-global-dtors-with-atexit -fgnuc-version=4.2.1 -fno-cxx-modules -fcxx-exceptions -fexceptions -fpascal-strings -fmax-type-align=16 -fcommon -fdiagnostics-show-note-include-stack -serialize-diagnostic-file /Users/denkan/TND004/Labs/lab4/build/CMakeFiles/CMakeTmp/CMAKE_TRY_COMPILE.build/Debug/cmTC_d5091.build/Objects-normal/arm64/CMakeCXXCompilerABI.dia -clang-vendor-feature=+messageToSelfInClassMethodIdReturnType -clang-vendor-feature=+disableInferNewAvailabilityFromInit -clang-vendor-feature=+disableNonDependentMemberExprInCurrentInstantiation -fno-odr-hash-protocols -clang-vendor-feature=+enableAggressiveVLAFolding -clang-vendor-feature=+revert09abecef7bbf -clang-vendor-feature=+thisNoAlignAttr -clang-vendor-feature=+thisNoNullAttr -mllvm -disable-aligned-alloc-awareness=1 -D__GCC_HAVE_DWARF2_CFI_ASM=1 -o /Users/denkan/TND004/Labs/lab4/build/CMakeFiles/CMakeTmp/CMAKE_TRY_COMPILE.build/Debug/cmTC_d5091.build/Objects-normal/arm64/CMakeCXXCompilerABI.o -x c++ /Applications/CMake.app/Contents/share/cmake-3.23/Modules/CMakeCXXCompilerABI.cpp
clang -cc1 version 13.1.6 (clang-1316.0.21.2) default target arm64-apple-darwin21.2.0
ignoring nonexistent directory "/Users/denkan/TND004/Labs/lab4/build/CMakeFiles/CMakeTmp/Debug/include"
ignoring nonexistent directory "/Users/denkan/TND004/Labs/lab4/build/CMakeFiles/CMakeTmp/CMAKE_TRY_COMPILE.build/Debug/cmTC_d5091.build/DerivedSources-normal/arm64"
ignoring nonexistent directory "/Users/denkan/TND004/Labs/lab4/build/CMakeFiles/CMakeTmp/CMAKE_TRY_COMPILE.build/Debug/cmTC_d5091.build/DerivedSources/arm64"
ignoring nonexistent directory "/Users/denkan/TND004/Labs/lab4/build/CMakeFiles/CMakeTmp/CMAKE_TRY_COMPILE.build/Debug/cmTC_d5091.build/DerivedSources"
ignoring nonexistent directory "/Applications/Xcode.app/Contents/Developer/Platforms/MacOSX.platform/Developer/SDKs/MacOSX12.3.sdk/usr/local/include"
ignoring nonexistent directory "/Applications/Xcode.app/Contents/Developer/Platforms/MacOSX.platform/Developer/SDKs/MacOSX12.3.sdk/Library/Frameworks"
#include "..." search starts here:
#include <...> search starts here:
 /Users/denkan/TND004/Labs/lab4/build/CMakeFiles/CMakeTmp/Debug (framework directory)
 /Applications/Xcode.app/Contents/Developer/Platforms/MacOSX.platform/Developer/SDKs/MacOSX12.3.sdk/usr/include/c++/v1
 /Applications/Xcode.app/Contents/Developer/Toolchains/XcodeDefault.xctoolchain/usr/lib/clang/13.1.6/include
 /Applications/Xcode.app/Contents/Developer/Platforms/MacOSX.platform/Developer/SDKs/MacOSX12.3.sdk/usr/include
 /Applications/Xcode.app/Contents/Developer/Toolchains/XcodeDefault.xctoolchain/usr/include
 /Applications/Xcode.app/Contents/Developer/Platforms/MacOSX.platform/Developer/SDKs/MacOSX12.3.sdk/System/Library/Frameworks (framework directory)
End of search list.

WriteAuxiliaryFile /Users/denkan/TND004/Labs/lab4/build/CMakeFiles/CMakeTmp/CMAKE_TRY_COMPILE.build/Debug/cmTC_d5091.build/Objects-normal/arm64/cmTC_d5091.LinkFileList (in target 'cmTC_d5091' from project 'CMAKE_TRY_COMPILE')
    cd /Users/denkan/TND004/Labs/lab4/build/CMakeFiles/CMakeTmp
    write-file /Users/denkan/TND004/Labs/lab4/build/CMakeFiles/CMakeTmp/CMAKE_TRY_COMPILE.build/Debug/cmTC_d5091.build/Objects-normal/arm64/cmTC_d5091.LinkFileList

Ld /Users/denkan/TND004/Labs/lab4/build/CMakeFiles/CMakeTmp/Debug/cmTC_d5091 normal (in target 'cmTC_d5091' from project 'CMAKE_TRY_COMPILE')
    cd /Users/denkan/TND004/Labs/lab4/build/CMakeFiles/CMakeTmp
    /Applications/Xcode.app/Contents/Developer/Toolchains/XcodeDefault.xctoolchain/usr/bin/clang++ -target arm64-apple-macos12.1 -isysroot /Applications/Xcode.app/Contents/Developer/Platforms/MacOSX.platform/Developer/SDKs/MacOSX12.3.sdk -L/Users/denkan/TND004/Labs/lab4/build/CMakeFiles/CMakeTmp/Debug -F/Users/denkan/TND004/Labs/lab4/build/CMakeFiles/CMakeTmp/Debug -filelist /Users/denkan/TND004/Labs/lab4/build/CMakeFiles/CMakeTmp/CMAKE_TRY_COMPILE.build/Debug/cmTC_d5091.build/Objects-normal/arm64/cmTC_d5091.LinkFileList -Xlinker -object_path_lto -Xlinker /Users/denkan/TND004/Labs/lab4/build/CMakeFiles/CMakeTmp/CMAKE_TRY_COMPILE.build/Debug/cmTC_d5091.build/Objects-normal/arm64/cmTC_d5091_lto.o -Xlinker -no_deduplicate -v -Wl,-v -Wl,-search_paths_first -Wl,-headerpad_max_install_names -Xlinker -dependency_info -Xlinker /Users/denkan/TND004/Labs/lab4/build/CMakeFiles/CMakeTmp/CMAKE_TRY_COMPILE.build/Debug/cmTC_d5091.build/Objects-normal/arm64/cmTC_d5091_dependency_info.dat -o /Users/denkan/TND004/Labs/lab4/build/CMakeFiles/CMakeTmp/Debug/cmTC_d5091
Apple clang version 13.1.6 (clang-1316.0.21.2)
Target: arm64-apple-macos12.1
Thread model: posix
InstalledDir: /Applications/Xcode.app/Contents/Developer/Toolchains/XcodeDefault.xctoolchain/usr/bin
 "/Applications/Xcode.app/Contents/Developer/Toolchains/XcodeDefault.xctoolchain/usr/bin/ld" -demangle -lto_library /Applications/Xcode.app/Contents/Developer/Toolchains/XcodeDefault.xctoolchain/usr/lib/libLTO.dylib -dynamic -arch arm64 -platform_version macos 12.1.0 12.3 -syslibroot /Applications/Xcode.app/Contents/Developer/Platforms/MacOSX.platform/Developer/SDKs/MacOSX12.3.sdk -o /Users/denkan/TND004/Labs/lab4/build/CMakeFiles/CMakeTmp/Debug/cmTC_d5091 -L/Users/denkan/TND004/Labs/lab4/build/CMakeFiles/CMakeTmp/Debug -filelist /Users/denkan/TND004/Labs/lab4/build/CMakeFiles/CMakeTmp/CMAKE_TRY_COMPILE.build/Debug/cmTC_d5091.build/Objects-normal/arm64/cmTC_d5091.LinkFileList -object_path_lto /Users/denkan/TND004/Labs/lab4/build/CMakeFiles/CMakeTmp/CMAKE_TRY_COMPILE.build/Debug/cmTC_d5091.build/Objects-normal/arm64/cmTC_d5091_lto.o -no_deduplicate -v -search_paths_first -headerpad_max_install_names -dependency_info /Users/denkan/TND004/Labs/lab4/build/CMakeFiles/CMakeTmp/CMAKE_TRY_COMPILE.build/Debug/cmTC_d5091.build/Objects-normal/arm64/cmTC_d5091_dependency_info.dat -lc++ -lSystem /Applications/Xcode.app/Contents/Developer/Toolchains/XcodeDefault.xctoolchain/usr/lib/clang/13.1.6/lib/darwin/libclang_rt.osx.a -F/Users/denkan/TND004/Labs/lab4/build/CMakeFiles/CMakeTmp/Debug
@(#)PROGRAM:ld  PROJECT:ld64-762
BUILD 06:28:58 Feb 18 2022
configured to support archs: armv6 armv7 armv7s arm64 arm64e arm64_32 i386 x86_64 x86_64h armv6m armv7k armv7m armv7em
Library search paths:
	/Users/denkan/TND004/Labs/lab4/build/CMakeFiles/CMakeTmp/Debug
	/Applications/Xcode.app/Contents/Developer/Platforms/MacOSX.platform/Developer/SDKs/MacOSX12.3.sdk/usr/lib
Framework search paths:
	/Users/denkan/TND004/Labs/lab4/build/CMakeFiles/CMakeTmp/Debug
	/Applications/Xcode.app/Contents/Developer/Platforms/MacOSX.platform/Developer/SDKs/MacOSX12.3.sdk/System/Library/Frameworks/

RegisterExecutionPolicyException /Users/denkan/TND004/Labs/lab4/build/CMakeFiles/CMakeTmp/Debug/cmTC_d5091 (in target 'cmTC_d5091' from project 'CMAKE_TRY_COMPILE')
    cd /Users/denkan/TND004/Labs/lab4/build/CMakeFiles/CMakeTmp
    builtin-RegisterExecutionPolicyException /Users/denkan/TND004/Labs/lab4/build/CMakeFiles/CMakeTmp/Debug/cmTC_d5091

** BUILD SUCCEEDED **




Parsed CXX implicit include dir info from above output: rv=done
  found start of include info
  found start of implicit include info
    add: [/Applications/Xcode.app/Contents/Developer/Platforms/MacOSX.platform/Developer/SDKs/MacOSX12.3.sdk/usr/include/c++/v1]
    add: [/Applications/Xcode.app/Contents/Developer/Toolchains/XcodeDefault.xctoolchain/usr/lib/clang/13.1.6/include]
    add: [/Applications/Xcode.app/Contents/Developer/Platforms/MacOSX.platform/Developer/SDKs/MacOSX12.3.sdk/usr/include]
    add: [/Applications/Xcode.app/Contents/Developer/Toolchains/XcodeDefault.xctoolchain/usr/include]
  end of search list found
  collapse include dir [/Applications/Xcode.app/Contents/Developer/Platforms/MacOSX.platform/Developer/SDKs/MacOSX12.3.sdk/usr/include/c++/v1] ==> [/Applications/Xcode.app/Contents/Developer/Platforms/MacOSX.platform/Developer/SDKs/MacOSX12.3.sdk/usr/include/c++/v1]
  collapse include dir [/Applications/Xcode.app/Contents/Developer/Toolchains/XcodeDefault.xctoolchain/usr/lib/clang/13.1.6/include] ==> [/Applications/Xcode.app/Contents/Developer/Toolchains/XcodeDefault.xctoolchain/usr/lib/clang/13.1.6/include]
  collapse include dir [/Applications/Xcode.app/Contents/Developer/Platforms/MacOSX.platform/Developer/SDKs/MacOSX12.3.sdk/usr/include] ==> [/Applications/Xcode.app/Contents/Developer/Platforms/MacOSX.platform/Developer/SDKs/MacOSX12.3.sdk/usr/include]
  collapse include dir [/Applications/Xcode.app/Contents/Developer/Toolchains/XcodeDefault.xctoolchain/usr/include] ==> [/Applications/Xcode.app/Contents/Developer/Toolchains/XcodeDefault.xctoolchain/usr/include]
  implicit include dirs: [/Applications/Xcode.app/Contents/Developer/Platforms/MacOSX.platform/Developer/SDKs/MacOSX12.3.sdk/usr/include/c++/v1;/Applications/Xcode.app/Contents/Developer/Toolchains/XcodeDefault.xctoolchain/usr/lib/clang/13.1.6/include;/Applications/Xcode.app/Contents/Developer/Platforms/MacOSX.platform/Developer/SDKs/MacOSX12.3.sdk/usr/include;/Applications/Xcode.app/Contents/Developer/Toolchains/XcodeDefault.xctoolchain/usr/include]


Parsed CXX implicit link information from above output:
  link line regex: [^( *|.*[/\])(ld|CMAKE_LINK_STARTFILE-NOTFOUND|([^/\]+-)?ld|collect2)[^/\]*( |$)]
  ignore line: [Change Dir: /Users/denkan/TND004/Labs/lab4/build/CMakeFiles/CMakeTmp]
  ignore line: []
  ignore line: [Run Build Command(s):/usr/bin/xcodebuild -project CMAKE_TRY_COMPILE.xcodeproj build -target cmTC_d5091 -parallelizeTargets -configuration Debug -hideShellScriptEnvironment && 2022-05-12 15:19:38.042 xcodebuild[2406:100707] Requested but did not find extension point with identifier Xcode.IDEKit.ExtensionSentinelHostApplications for extension Xcode.DebuggerFoundation.AppExtensionHosts.watchOS of plug-in com.apple.dt.IDEWatchSupportCore]
  ignore line: [2022-05-12 15:19:38.042 xcodebuild[2406:100707] Requested but did not find extension point with identifier Xcode.IDEKit.ExtensionPointIdentifierToBundleIdentifier for extension Xcode.DebuggerFoundation.AppExtensionToBundleIdentifierMap.watchOS of plug-in com.apple.dt.IDEWatchSupportCore]
  ignore line: [Command line invocation:]
  ignore line: [    /Applications/Xcode.app/Contents/Developer/usr/bin/xcodebuild -project CMAKE_TRY_COMPILE.xcodeproj build -target cmTC_d5091 -parallelizeTargets -configuration Debug -hideShellScriptEnvironment]
  ignore line: []
  ignore line: [User defaults from command line:]
  ignore line: [    HideShellScriptEnvironment = YES]
  ignore line: [    IDEPackageSupportUseBuiltinSCM = YES]
  ignore line: []
  ignore line: [note: Using new build system]
  ignore line: [note: Planning]
  ignore line: [Analyze workspace]
  ignore line: []
  ignore line: [Create build description]
  ignore line: [Build description signature: 7415cbc91ad791afe39c5cf786aab666]
  ignore line: [Build description path: /Users/denkan/TND004/Labs/lab4/build/CMakeFiles/CMakeTmp/build/XCBuildData/7415cbc91ad791afe39c5cf786aab666-desc.xcbuild]
  ignore line: []
  ignore line: [note: Build preparation complete]
  ignore line: [note: Building targets in dependency order]
  ignore line: [CreateBuildDirectory /Users/denkan/TND004/Labs/lab4/build/CMakeFiles/CMakeTmp]
  ignore line: [    cd /Users/denkan/TND004/Labs/lab4/build/CMakeFiles/CMakeTmp/CMAKE_TRY_COMPILE.xcodeproj]
  ignore line: [    builtin-create-build-directory /Users/denkan/TND004/Labs/lab4/build/CMakeFiles/CMakeTmp]
  ignore line: []
  ignore line: [CreateBuildDirectory /Users/denkan/TND004/Labs/lab4/build/CMakeFiles/CMakeTmp/Debug]
  ignore line: [    cd /Users/denkan/TND004/Labs/lab4/build/CMakeFiles/CMakeTmp/CMAKE_TRY_COMPILE.xcodeproj]
  ignore line: [    builtin-create-build-directory /Users/denkan/TND004/Labs/lab4/build/CMakeFiles/CMakeTmp/Debug]
  ignore line: []
  ignore line: [CompileC /Users/denkan/TND004/Labs/lab4/build/CMakeFiles/CMakeTmp/CMAKE_TRY_COMPILE.build/Debug/cmTC_d5091.build/Objects-normal/arm64/CMakeCXXCompilerABI.o /Applications/CMake.app/Contents/share/cmake-3.23/Modules/CMakeCXXCompilerABI.cpp normal arm64 c++ com.apple.compilers.llvm.clang.1_0.compiler (in target 'cmTC_d5091' from project 'CMAKE_TRY_COMPILE')]
  ignore line: [    cd /Users/denkan/TND004/Labs/lab4/build/CMakeFiles/CMakeTmp]
  ignore line: [    /Applications/Xcode.app/Contents/Developer/Toolchains/XcodeDefault.xctoolchain/usr/bin/clang -x c++ -target arm64-apple-macos12.1 -fmessage-length\=0 -fdiagnostics-show-note-include-stack -fmacro-backtrace-limit\=0 -Wno-trigraphs -fpascal-strings -O0 -Wno-missing-field-initializers -Wno-missing-prototypes -Wno-return-type -Wno-non-virtual-dtor -Wno-overloaded-virtual -Wno-exit-time-destructors -Wno-missing-braces -Wparentheses -Wswitch -Wno-unused-function -Wno-unused-label -Wno-unused-parameter -Wno-unused-variable -Wunused-value -Wno-empty-body -Wno-uninitialized -Wno-unknown-pragmas -Wno-shadow -Wno-four-char-constants -Wno-conversion -Wno-constant-conversion -Wno-int-conversion -Wno-bool-conversion -Wno-enum-conversion -Wno-float-conversion -Wno-non-literal-null-conversion -Wno-objc-literal-conversion -Wno-shorten-64-to-32 -Wno-newline-eof -Wno-c++11-extensions -DCMAKE_INTDIR\=\"Debug\" -isysroot /Applications/Xcode.app/Contents/Developer/Platforms/MacOSX.platform/Developer/SDKs/MacOSX12.3.sdk -fstrict-aliasing -Wdeprecated-declarations -Winvalid-offsetof -g -Wno-sign-conversion -Wno-infinite-recursion -Wno-move -Wno-comma -Wno-block-capture-autoreleasing -Wno-strict-prototypes -Wno-range-loop-analysis -Wno-semicolon-before-method-body -I/Users/denkan/TND004/Labs/lab4/build/CMakeFiles/CMakeTmp/Debug/include -I/Users/denkan/TND004/Labs/lab4/build/CMakeFiles/CMakeTmp/CMAKE_TRY_COMPILE.build/Debug/cmTC_d5091.build/DerivedSources-normal/arm64 -I/Users/denkan/TND004/Labs/lab4/build/CMakeFiles/CMakeTmp/CMAKE_TRY_COMPILE.build/Debug/cmTC_d5091.build/DerivedSources/arm64 -I/Users/denkan/TND004/Labs/lab4/build/CMakeFiles/CMakeTmp/CMAKE_TRY_COMPILE.build/Debug/cmTC_d5091.build/DerivedSources -F/Users/denkan/TND004/Labs/lab4/build/CMakeFiles/CMakeTmp/Debug -v -Wl -v -MMD -MT dependencies -MF /Users/denkan/TND004/Labs/lab4/build/CMakeFiles/CMakeTmp/CMAKE_TRY_COMPILE.build/Debug/cmTC_d5091.build/Objects-normal/arm64/CMakeCXXCompilerABI.d --serialize-diagnostics /Users/denkan/TND004/Labs/lab4/build/CMakeFiles/CMakeTmp/CMAKE_TRY_COMPILE.build/Debug/cmTC_d5091.build/Objects-normal/arm64/CMakeCXXCompilerABI.dia -c /Applications/CMake.app/Contents/share/cmake-3.23/Modules/CMakeCXXCompilerABI.cpp -o /Users/denkan/TND004/Labs/lab4/build/CMakeFiles/CMakeTmp/CMAKE_TRY_COMPILE.build/Debug/cmTC_d5091.build/Objects-normal/arm64/CMakeCXXCompilerABI.o]
  ignore line: [Apple clang version 13.1.6 (clang-1316.0.21.2)]
  ignore line: [Target: arm64-apple-macos12.1]
  ignore line: [Thread model: posix]
  ignore line: [InstalledDir: /Applications/Xcode.app/Contents/Developer/Toolchains/XcodeDefault.xctoolchain/usr/bin]
  ignore line: [clang: warning: -Wl -v: 'linker' input unused [-Wunused-command-line-argument]]
  ignore line: [ "/Applications/Xcode.app/Contents/Developer/Toolchains/XcodeDefault.xctoolchain/usr/bin/clang" -cc1 -triple arm64-apple-macosx12.1.0 -Wundef-prefix=TARGET_OS_ -Wdeprecated-objc-isa-usage -Werror=deprecated-objc-isa-usage -Werror=implicit-function-declaration -emit-obj -mrelax-all --mrelax-relocations -disable-free -disable-llvm-verifier -discard-value-names -main-file-name CMakeCXXCompilerABI.cpp -mrelocation-model pic -pic-level 2 -mframe-pointer=non-leaf -fno-strict-return -fno-rounding-math -munwind-tables -target-sdk-version=12.3 -fvisibility-inlines-hidden-static-local-var -target-cpu apple-m1 -target-feature +v8.5a -target-feature +fp-armv8 -target-feature +neon -target-feature +crc -target-feature +crypto -target-feature +dotprod -target-feature +fp16fml -target-feature +ras -target-feature +lse -target-feature +rdm -target-feature +rcpc -target-feature +zcm -target-feature +zcz -target-feature +fullfp16 -target-feature +sm4 -target-feature +sha3 -target-feature +sha2 -target-feature +aes -target-abi darwinpcs -fallow-half-arguments-and-returns -debug-info-kind=standalone -dwarf-version=4 -debugger-tuning=lldb -target-linker-version 762 -v -resource-dir /Applications/Xcode.app/Contents/Developer/Toolchains/XcodeDefault.xctoolchain/usr/lib/clang/13.1.6 -dependency-file /Users/denkan/TND004/Labs/lab4/build/CMakeFiles/CMakeTmp/CMAKE_TRY_COMPILE.build/Debug/cmTC_d5091.build/Objects-normal/arm64/CMakeCXXCompilerABI.d -skip-unused-modulemap-deps -MT dependencies -isysroot /Applications/Xcode.app/Contents/Developer/Platforms/MacOSX.platform/Developer/SDKs/MacOSX12.3.sdk -D "CMAKE_INTDIR=\"Debug\"" -I /Users/denkan/TND004/Labs/lab4/build/CMakeFiles/CMakeTmp/Debug/include -I /Users/denkan/TND004/Labs/lab4/build/CMakeFiles/CMakeTmp/CMAKE_TRY_COMPILE.build/Debug/cmTC_d5091.build/DerivedSources-normal/arm64 -I /Users/denkan/TND004/Labs/lab4/build/CMakeFiles/CMakeTmp/CMAKE_TRY_COMPILE.build/Debug/cmTC_d5091.build/DerivedSources/arm64 -I /Users/denkan/TND004/Labs/lab4/build/CMakeFiles/CMakeTmp/CMAKE_TRY_COMPILE.build/Debug/cmTC_d5091.build/DerivedSources -F/Users/denkan/TND004/Labs/lab4/build/CMakeFiles/CMakeTmp/Debug -stdlib=libc++ -internal-isystem /Applications/Xcode.app/Contents/Developer/Platforms/MacOSX.platform/Developer/SDKs/MacOSX12.3.sdk/usr/include/c++/v1 -internal-isystem /Applications/Xcode.app/Contents/Developer/Platforms/MacOSX.platform/Developer/SDKs/MacOSX12.3.sdk/usr/local/include -internal-isystem /Applications/Xcode.app/Contents/Developer/Toolchains/XcodeDefault.xctoolchain/usr/lib/clang/13.1.6/include -internal-externc-isystem /Applications/Xcode.app/Contents/Developer/Platforms/MacOSX.platform/Developer/SDKs/MacOSX12.3.sdk/usr/include -internal-externc-isystem /Applications/Xcode.app/Contents/Developer/Toolchains/XcodeDefault.xctoolchain/usr/include -O0 -Wno-trigraphs -Wno-missing-field-initializers -Wno-missing-prototypes -Wno-return-type -Wno-non-virtual-dtor -Wno-overloaded-virtual -Wno-exit-time-destructors -Wno-missing-braces -Wparentheses -Wswitch -Wno-unused-function -Wno-unused-label -Wno-unused-parameter -Wno-unused-variable -Wunused-value -Wno-empty-body -Wno-uninitialized -Wno-unknown-pragmas -Wno-shadow -Wno-four-char-constants -Wno-conversion -Wno-constant-conversion -Wno-int-conversion -Wno-bool-conversion -Wno-enum-conversion -Wno-float-conversion -Wno-non-literal-null-conversion -Wno-objc-literal-conversion -Wno-shorten-64-to-32 -Wno-newline-eof -Wno-c++11-extensions -Wdeprecated-declarations -Winvalid-offsetof -Wno-sign-conversion -Wno-infinite-recursion -Wno-move -Wno-comma -Wno-block-capture-autoreleasing -Wno-strict-prototypes -Wno-range-loop-analysis -Wno-semicolon-before-method-body -Wno-reorder-init-list -Wno-implicit-int-float-conversion -Wno-c99-designator -Wno-final-dtor-non-final-class -Wno-extra-semi-stmt -Wno-misleading-indentation -Wno-quoted-include-in-framework-header -Wno-implicit-fallthrough -Wno-enum-enum-conversion -Wno-enum-float-conversion -Wno-elaborated-enum-base -Wno-reserved-identifier -Wno-gnu-folding-constant -Wno-objc-load-method -fdeprecated-macro -fdebug-compilation-dir=/Users/denkan/TND004/Labs/lab4/build/CMakeFiles/CMakeTmp -ferror-limit 19 -fmacro-backtrace-limit 0 -stack-protector 1 -fstack-check -mdarwin-stkchk-strong-link -fblocks -fencode-extended-block-signature -fregister-global-dtors-with-atexit -fgnuc-version=4.2.1 -fno-cxx-modules -fcxx-exceptions -fexceptions -fpascal-strings -fmax-type-align=16 -fcommon -fdiagnostics-show-note-include-stack -serialize-diagnostic-file /Users/denkan/TND004/Labs/lab4/build/CMakeFiles/CMakeTmp/CMAKE_TRY_COMPILE.build/Debug/cmTC_d5091.build/Objects-normal/arm64/CMakeCXXCompilerABI.dia -clang-vendor-feature=+messageToSelfInClassMethodIdReturnType -clang-vendor-feature=+disableInferNewAvailabilityFromInit -clang-vendor-feature=+disableNonDependentMemberExprInCurrentInstantiation -fno-odr-hash-protocols -clang-vendor-feature=+enableAggressiveVLAFolding -clang-vendor-feature=+revert09abecef7bbf -clang-vendor-feature=+thisNoAlignAttr -clang-vendor-feature=+thisNoNullAttr -mllvm -disable-aligned-alloc-awareness=1 -D__GCC_HAVE_DWARF2_CFI_ASM=1 -o /Users/denkan/TND004/Labs/lab4/build/CMakeFiles/CMakeTmp/CMAKE_TRY_COMPILE.build/Debug/cmTC_d5091.build/Objects-normal/arm64/CMakeCXXCompilerABI.o -x c++ /Applications/CMake.app/Contents/share/cmake-3.23/Modules/CMakeCXXCompilerABI.cpp]
  ignore line: [clang -cc1 version 13.1.6 (clang-1316.0.21.2) default target arm64-apple-darwin21.2.0]
  ignore line: [ignoring nonexistent directory "/Users/denkan/TND004/Labs/lab4/build/CMakeFiles/CMakeTmp/Debug/include"]
  ignore line: [ignoring nonexistent directory "/Users/denkan/TND004/Labs/lab4/build/CMakeFiles/CMakeTmp/CMAKE_TRY_COMPILE.build/Debug/cmTC_d5091.build/DerivedSources-normal/arm64"]
  ignore line: [ignoring nonexistent directory "/Users/denkan/TND004/Labs/lab4/build/CMakeFiles/CMakeTmp/CMAKE_TRY_COMPILE.build/Debug/cmTC_d5091.build/DerivedSources/arm64"]
  ignore line: [ignoring nonexistent directory "/Users/denkan/TND004/Labs/lab4/build/CMakeFiles/CMakeTmp/CMAKE_TRY_COMPILE.build/Debug/cmTC_d5091.build/DerivedSources"]
  ignore line: [ignoring nonexistent directory "/Applications/Xcode.app/Contents/Developer/Platforms/MacOSX.platform/Developer/SDKs/MacOSX12.3.sdk/usr/local/include"]
  ignore line: [ignoring nonexistent directory "/Applications/Xcode.app/Contents/Developer/Platforms/MacOSX.platform/Developer/SDKs/MacOSX12.3.sdk/Library/Frameworks"]
  ignore line: [#include "..." search starts here:]
  ignore line: [#include <...> search starts here:]
  ignore line: [ /Users/denkan/TND004/Labs/lab4/build/CMakeFiles/CMakeTmp/Debug (framework directory)]
  ignore line: [ /Applications/Xcode.app/Contents/Developer/Platforms/MacOSX.platform/Developer/SDKs/MacOSX12.3.sdk/usr/include/c++/v1]
  ignore line: [ /Applications/Xcode.app/Contents/Developer/Toolchains/XcodeDefault.xctoolchain/usr/lib/clang/13.1.6/include]
  ignore line: [ /Applications/Xcode.app/Contents/Developer/Platforms/MacOSX.platform/Developer/SDKs/MacOSX12.3.sdk/usr/include]
  ignore line: [ /Applications/Xcode.app/Contents/Developer/Toolchains/XcodeDefault.xctoolchain/usr/include]
  ignore line: [ /Applications/Xcode.app/Contents/Developer/Platforms/MacOSX.platform/Developer/SDKs/MacOSX12.3.sdk/System/Library/Frameworks (framework directory)]
  ignore line: [End of search list.]
  ignore line: []
  ignore line: [WriteAuxiliaryFile /Users/denkan/TND004/Labs/lab4/build/CMakeFiles/CMakeTmp/CMAKE_TRY_COMPILE.build/Debug/cmTC_d5091.build/Objects-normal/arm64/cmTC_d5091.LinkFileList (in target 'cmTC_d5091' from project 'CMAKE_TRY_COMPILE')]
  ignore line: [    cd /Users/denkan/TND004/Labs/lab4/build/CMakeFiles/CMakeTmp]
  ignore line: [    write-file /Users/denkan/TND004/Labs/lab4/build/CMakeFiles/CMakeTmp/CMAKE_TRY_COMPILE.build/Debug/cmTC_d5091.build/Objects-normal/arm64/cmTC_d5091.LinkFileList]
  ignore line: []
  ignore line: [Ld /Users/denkan/TND004/Labs/lab4/build/CMakeFiles/CMakeTmp/Debug/cmTC_d5091 normal (in target 'cmTC_d5091' from project 'CMAKE_TRY_COMPILE')]
  ignore line: [    cd /Users/denkan/TND004/Labs/lab4/build/CMakeFiles/CMakeTmp]
  ignore line: [    /Applications/Xcode.app/Contents/Developer/Toolchains/XcodeDefault.xctoolchain/usr/bin/clang++ -target arm64-apple-macos12.1 -isysroot /Applications/Xcode.app/Contents/Developer/Platforms/MacOSX.platform/Developer/SDKs/MacOSX12.3.sdk -L/Users/denkan/TND004/Labs/lab4/build/CMakeFiles/CMakeTmp/Debug -F/Users/denkan/TND004/Labs/lab4/build/CMakeFiles/CMakeTmp/Debug -filelist /Users/denkan/TND004/Labs/lab4/build/CMakeFiles/CMakeTmp/CMAKE_TRY_COMPILE.build/Debug/cmTC_d5091.build/Objects-normal/arm64/cmTC_d5091.LinkFileList -Xlinker -object_path_lto -Xlinker /Users/denkan/TND004/Labs/lab4/build/CMakeFiles/CMakeTmp/CMAKE_TRY_COMPILE.build/Debug/cmTC_d5091.build/Objects-normal/arm64/cmTC_d5091_lto.o -Xlinker -no_deduplicate -v -Wl -v -Wl -search_paths_first -Wl -headerpad_max_install_names -Xlinker -dependency_info -Xlinker /Users/denkan/TND004/Labs/lab4/build/CMakeFiles/CMakeTmp/CMAKE_TRY_COMPILE.build/Debug/cmTC_d5091.build/Objects-normal/arm64/cmTC_d5091_dependency_info.dat -o /Users/denkan/TND004/Labs/lab4/build/CMakeFiles/CMakeTmp/Debug/cmTC_d5091]
  ignore line: [Apple clang version 13.1.6 (clang-1316.0.21.2)]
  ignore line: [Target: arm64-apple-macos12.1]
  ignore line: [Thread model: posix]
  ignore line: [InstalledDir: /Applications/Xcode.app/Contents/Developer/Toolchains/XcodeDefault.xctoolchain/usr/bin]
  reduced line: [ "/Applications/Xcode.app/Contents/Developer/Toolchains/XcodeDefault.xctoolchain/usr/bin/ld" -demangle -lto_library /Applications/Xcode.app/Contents/Developer/Toolchains/XcodeDefault.xctoolchain/usr/lib/libLTO.dylib -dynamic -arch arm64 -platform_version macos 12.1.0 12.3 -syslibroot /Applications/Xcode.app/Contents/Developer/Platforms/MacOSX.platform/Developer/SDKs/MacOSX12.3.sdk -o /Users/denkan/TND004/Labs/lab4/build/CMakeFiles/CMakeTmp/Debug/cmTC_d5091 -L/Users/denkan/TND004/Labs/lab4/build/CMakeFiles/CMakeTmp/Debug -filelist /Users/denkan/TND004/Labs/lab4/build/CMakeFiles/CMakeTmp/CMAKE_TRY_COMPILE.build/Debug/cmTC_d5091.build/Objects-normal/arm64/cmTC_d5091.LinkFileList -object_path_lto /Users/denkan/TND004/Labs/lab4/build/CMakeFiles/CMakeTmp/CMAKE_TRY_COMPILE.build/Debug/cmTC_d5091.build/Objects-normal/arm64/cmTC_d5091_lto.o -no_deduplicate -v -search_paths_first -headerpad_max_install_names -dependency_info /Users/denkan/TND004/Labs/lab4/build/CMakeFiles/CMakeTmp/CMAKE_TRY_COMPILE.build/Debug/cmTC_d5091.build/Objects-normal/arm64/cmTC_d5091_dependency_info.dat -lc++ -lSystem /Applications/Xcode.app/Contents/Developer/Toolchains/XcodeDefault.xctoolchain/usr/lib/clang/13.1.6/lib/darwin/libclang_rt.osx.a -F/Users/denkan/TND004/Labs/lab4/build/CMakeFiles/CMakeTmp/Debug]
            to: [ "/Applications/Xcode.app/Contents/Developer/Toolchains/XcodeDefault.xctoolchain/usr/bin/ld" -demangle -lto_library /Applications/Xcode.app/Contents/Developer/Toolchains/XcodeDefault.xctoolchain/usr/lib/libLTO.dylib -dynamic -arch arm64 -platform_version macos 12.1.0 12.3 -syslibroot /Applications/Xcode.app/Contents/Developer/Platforms/MacOSX.platform/Developer/SDKs/MacOSX12.3.sdk -o /Users/denkan/TND004/Labs/lab4/build/CMakeFiles/CMakeTmp/Debug/cmTC_d5091 -filelist /Users/denkan/TND004/Labs/lab4/build/CMakeFiles/CMakeTmp/CMAKE_TRY_COMPILE.build/Debug/cmTC_d5091.build/Objects-normal/arm64/cmTC_d5091.LinkFileList -object_path_lto /Users/denkan/TND004/Labs/lab4/build/CMakeFiles/CMakeTmp/CMAKE_TRY_COMPILE.build/Debug/cmTC_d5091.build/Objects-normal/arm64/cmTC_d5091_lto.o -no_deduplicate -v -search_paths_first -headerpad_max_install_names -dependency_info /Users/denkan/TND004/Labs/lab4/build/CMakeFiles/CMakeTmp/CMAKE_TRY_COMPILE.build/Debug/cmTC_d5091.build/Objects-normal/arm64/cmTC_d5091_dependency_info.dat -lc++ -lSystem /Applications/Xcode.app/Contents/Developer/Toolchains/XcodeDefault.xctoolchain/usr/lib/clang/13.1.6/lib/darwin/libclang_rt.osx.a ]
  link line: [ "/Applications/Xcode.app/Contents/Developer/Toolchains/XcodeDefault.xctoolchain/usr/bin/ld" -demangle -lto_library /Applications/Xcode.app/Contents/Developer/Toolchains/XcodeDefault.xctoolchain/usr/lib/libLTO.dylib -dynamic -arch arm64 -platform_version macos 12.1.0 12.3 -syslibroot /Applications/Xcode.app/Contents/Developer/Platforms/MacOSX.platform/Developer/SDKs/MacOSX12.3.sdk -o /Users/denkan/TND004/Labs/lab4/build/CMakeFiles/CMakeTmp/Debug/cmTC_d5091 -filelist /Users/denkan/TND004/Labs/lab4/build/CMakeFiles/CMakeTmp/CMAKE_TRY_COMPILE.build/Debug/cmTC_d5091.build/Objects-normal/arm64/cmTC_d5091.LinkFileList -object_path_lto /Users/denkan/TND004/Labs/lab4/build/CMakeFiles/CMakeTmp/CMAKE_TRY_COMPILE.build/Debug/cmTC_d5091.build/Objects-normal/arm64/cmTC_d5091_lto.o -no_deduplicate -v -search_paths_first -headerpad_max_install_names -dependency_info /Users/denkan/TND004/Labs/lab4/build/CMakeFiles/CMakeTmp/CMAKE_TRY_COMPILE.build/Debug/cmTC_d5091.build/Objects-normal/arm64/cmTC_d5091_dependency_info.dat -lc++ -lSystem /Applications/Xcode.app/Contents/Developer/Toolchains/XcodeDefault.xctoolchain/usr/lib/clang/13.1.6/lib/darwin/libclang_rt.osx.a ]
    arg [/Applications/Xcode.app/Contents/Developer/Toolchains/XcodeDefault.xctoolchain/usr/bin/ld] ==> ignore
    arg [-demangle] ==> ignore
    arg [-lto_library] ==> ignore, skip following value
    arg [/Applications/Xcode.app/Contents/Developer/Toolchains/XcodeDefault.xctoolchain/usr/lib/libLTO.dylib] ==> skip value of -lto_library
    arg [-dynamic] ==> ignore
    arg [-arch] ==> ignore
    arg [arm64] ==> ignore
    arg [-platform_version] ==> ignore
    arg [macos] ==> ignore
    arg [12.1.0] ==> ignore
    arg [12.3] ==> ignore
    arg [-syslibroot] ==> ignore
    arg [/Applications/Xcode.app/Contents/Developer/Platforms/MacOSX.platform/Developer/SDKs/MacOSX12.3.sdk] ==> ignore
    arg [-o] ==> ignore
    arg [/Users/denkan/TND004/Labs/lab4/build/CMakeFiles/CMakeTmp/Debug/cmTC_d5091] ==> ignore
    arg [-filelist] ==> ignore
    arg [/Users/denkan/TND004/Labs/lab4/build/CMakeFiles/CMakeTmp/CMAKE_TRY_COMPILE.build/Debug/cmTC_d5091.build/Objects-normal/arm64/cmTC_d5091.LinkFileList] ==> ignore
    arg [-object_path_lto] ==> ignore
    arg [/Users/denkan/TND004/Labs/lab4/build/CMakeFiles/CMakeTmp/CMAKE_TRY_COMPILE.build/Debug/cmTC_d5091.build/Objects-normal/arm64/cmTC_d5091_lto.o] ==> obj [/Users/denkan/TND004/Labs/lab4/build/CMakeFiles/CMakeTmp/CMAKE_TRY_COMPILE.build/Debug/cmTC_d5091.build/Objects-normal/arm64/cmTC_d5091_lto.o]
    arg [-no_deduplicate] ==> ignore
    arg [-v] ==> ignore
    arg [-search_paths_first] ==> ignore
    arg [-headerpad_max_install_names] ==> ignore
    arg [-dependency_info] ==> ignore
    arg [/Users/denkan/TND004/Labs/lab4/build/CMakeFiles/CMakeTmp/CMAKE_TRY_COMPILE.build/Debug/cmTC_d5091.build/Objects-normal/arm64/cmTC_d5091_dependency_info.dat] ==> ignore
    arg [-lc++] ==> lib [c++]
    arg [-lSystem] ==> lib [System]
    arg [/Applications/Xcode.app/Contents/Developer/Toolchains/XcodeDefault.xctoolchain/usr/lib/clang/13.1.6/lib/darwin/libclang_rt.osx.a] ==> lib [/Applications/Xcode.app/Contents/Developer/Toolchains/XcodeDefault.xctoolchain/usr/lib/clang/13.1.6/lib/darwin/libclang_rt.osx.a]
  Library search paths: [;/Users/denkan/TND004/Labs/lab4/build/CMakeFiles/CMakeTmp/Debug;/Applications/Xcode.app/Contents/Developer/Platforms/MacOSX.platform/Developer/SDKs/MacOSX12.3.sdk/usr/lib]
  Framework search paths: [;/Users/denkan/TND004/Labs/lab4/build/CMakeFiles/CMakeTmp/Debug;/Applications/Xcode.app/Contents/Developer/Platforms/MacOSX.platform/Developer/SDKs/MacOSX12.3.sdk/System/Library/Frameworks/]
  remove lib [System]
  remove lib [/Applications/Xcode.app/Contents/Developer/Toolchains/XcodeDefault.xctoolchain/usr/lib/clang/13.1.6/lib/darwin/libclang_rt.osx.a]
  collapse library dir [/Users/denkan/TND004/Labs/lab4/build/CMakeFiles/CMakeTmp/Debug] ==> [/Users/denkan/TND004/Labs/lab4/build/CMakeFiles/CMakeTmp/Debug], skipping non-system directory
  collapse library dir [/Applications/Xcode.app/Contents/Developer/Platforms/MacOSX.platform/Developer/SDKs/MacOSX12.3.sdk/usr/lib] ==> [/Applications/Xcode.app/Contents/Developer/Platforms/MacOSX.platform/Developer/SDKs/MacOSX12.3.sdk/usr/lib]
  collapse framework dir [/Users/denkan/TND004/Labs/lab4/build/CMakeFiles/CMakeTmp/Debug] ==> [/Users/denkan/TND004/Labs/lab4/build/CMakeFiles/CMakeTmp/Debug], skipping non-system directory
  collapse framework dir [/Applications/Xcode.app/Contents/Developer/Platforms/MacOSX.platform/Developer/SDKs/MacOSX12.3.sdk/System/Library/Frameworks/] ==> [/Applications/Xcode.app/Contents/Developer/Platforms/MacOSX.platform/Developer/SDKs/MacOSX12.3.sdk/System/Library/Frameworks]
  implicit libs: [c++]
  implicit objs: [/Users/denkan/TND004/Labs/lab4/build/CMakeFiles/CMakeTmp/CMAKE_TRY_COMPILE.build/Debug/cmTC_d5091.build/Objects-normal/arm64/cmTC_d5091_lto.o]
  implicit dirs: [/Applications/Xcode.app/Contents/Developer/Platforms/MacOSX.platform/Developer/SDKs/MacOSX12.3.sdk/usr/lib]
  implicit fwks: [/Applications/Xcode.app/Contents/Developer/Platforms/MacOSX.platform/Developer/SDKs/MacOSX12.3.sdk/System/Library/Frameworks]


